make all --print-data-base --no-builtin-variables --no-builtin-rules --question
# GNU Make 3.81
# Copyright (C) 2006  Free Software Foundation, Inc.
# This is free software; see the source for copying conditions.
# There is NO warranty; not even for MERCHANTABILITY or FITNESS FOR A
# PARTICULAR PURPOSE.

# This program built for i386-apple-darwin11.3.0
 

# Make data base, printed on Thu Nov 23 17:37:34 2023

# Variables

# automatic
<D = $(patsubst %/,%,$(dir $<))
# automatic
?F = $(notdir $?)
 
# environment
VSCODE_CRASH_REPORTER_PROCESS_TYPE = extensionHost
# automatic
?D = $(patsubst %/,%,$(dir $?))
# automatic
@D = $(patsubst %/,%,$(dir $@))
# automatic
@F = $(notdir $@)
# makefile
CURDIR := /Users/yel-hadr/Desktop/cub3D
# makefile
SHELL = /bin/sh
# environment
VSCODE_NLS_CONFIG = {"locale":"en-us","osLocale":"en","availableLanguages":{},"_languagePackSupport":true}
# environment
_ = /usr/bin/make
# makefile (from `Makefile', line 3)
CFLAGS = -Wextra -Wall -Werror -Wunreachable-code -Ofast
# makefile (from `Makefile', line 1)
MAKEFILE_LIST :=  Makefile
# makefile (from `Makefile', line 13)
SOURCES = $(CFILES:.c=.o)
# makefile (from `Makefile', line 5)
CFILES = ./src/main.c ./src/parsing/parser.c ./src/parsing/parser_utils.c ./src/rendering/renderer.c ./src/rendering/renderer_utils.c
# environment
VSCODE_CWD = /Users/yel-hadr/Desktop/cub3D
# environment
PATH = /usr/local/bin:/usr/bin:/bin:/usr/sbin:/sbin:/usr/local/munki:/Library/Frameworks/Mono.framework/Versions/Current/Commands:/Users/yel-hadr/.brew/bin
# environment
LSCOLORS = Gxfxcxdxbxegedabagacad
# environment
ELECTRON_RUN_AS_NODE = 1
# default
.FEATURES := target-specific order-only second-expansion else-if archives jobserver check-symlink
# makefile (from `Makefile', line 15)
LIBFT_DIR = ./libft
# environment
LS_COLORS = di=1;36:ln=35:so=32:pi=33:ex=31:bd=34;46:cd=34;43:su=30;41:sg=30;46:tw=30;42:ow=30;43
# makefile (from `Makefile', line 7)
LIBMLX := ./MLX42
# environment
SSH_AUTH_SOCK = /private/tmp/com.apple.launchd.gYPLZHSaXf/Listeners
# automatic
%F = $(notdir $%)
# environment
PWD = /Users/yel-hadr/Desktop/cub3D
# environment
ORIGINAL_XDG_CURRENT_DESKTOP = undefined
# environment
VSCODE_AMD_ENTRYPOINT = vs/workbench/api/node/extensionHostProcess
# environment
HOME = /Users/yel-hadr
# default
MAKEFILEPATH := /Applications/Xcode.app/Contents/Developer/Makefiles
# environment
VSCODE_CODE_CACHE_PATH = /Users/yel-hadr/Library/Application Support/Code/CachedData/695af097c7bd098fbf017ce3ac85e09bbc5dda06
# environment
LOGNAME = yel-hadr
# environment
APPLICATION_INSIGHTS_NO_DIAGNOSTIC_CHANNEL = 1
# makefile (from `Makefile', line 8)
HEADERS := -I ./inc -I ./MLX42/include
# environment
ZSH = /Users/yel-hadr/.oh-my-zsh
# environment
VSCODE_HANDLES_UNCAUGHT_ERRORS = true
# automatic
^D = $(patsubst %/,%,$(dir $^))
# environment
XPC_FLAGS = 0x0
# environment
COLORTERM = truecolor
# default
MAKE = $(MAKE_COMMAND)
# environment
LC_TERMINAL = iTerm2
# environment
SHLVL = 2
# makefile (from `Makefile', line 16)
LIBFT = ./libft/libft.a
# makefile (from `Makefile', line 2)
CC = cc
# default
MAKE_VERSION := 3.81
# environment
USER = yel-hadr
# makefile
.DEFAULT_GOAL := all
# default
MAKECMDGOALS := all
# environment
TERM_SESSION_ID = w0t0p0:4F9BAD2B-D56D-4776-8ADA-D861D6F30983
# makefile (from `Makefile', line 1)
NAME = cub3D
# environment
LESS = -R
# automatic
%D = $(patsubst %/,%,$(dir $%))
# default
MAKE_COMMAND := /Applications/Xcode.app/Contents/Developer/usr/bin/make
# environment
TERM_PROGRAM = iTerm.app
# default
.VARIABLES := 
# environment
TMPDIR = /var/folders/zz/zyxvpxvq6csfxvn_n000c_q80032nt/T/
# automatic
*F = $(notdir $*)
# environment
VSCODE_IPC_HOOK = /Users/yel-hadr/Library/Application Support/Code/1.79-main.sock
# environment
MallocNanoZone = 0
# makefile
MAKEFLAGS = Rrqp
# environment
MFLAGS = -Rrqp
# automatic
*D = $(patsubst %/,%,$(dir $*))
# environment
TERM_PROGRAM_VERSION = 3.4.13
# environment
XPC_SERVICE_NAME = com.microsoft.VSCode.9228.DEF5584E-DD4D-473F-89BE-BA6E80DFC21C
# environment
LC_TERMINAL_VERSION = 3.4.13
# automatic
+D = $(patsubst %/,%,$(dir $+))
# automatic
+F = $(notdir $+)
# environment
ITERM_SESSION_ID = w0t0p0:4F9BAD2B-D56D-4776-8ADA-D861D6F30983
# environment
COLORFGBG = 15;0
# environment
__CF_USER_TEXT_ENCODING = 0x18ABA:0x0:0x0
# default
MAKEFILES := 
# automatic
<F = $(notdir $<)
# environment
ITERM_PROFILE = Default
# environment
PAGER = less
# environment
LC_ALL = C
# makefile (from `Makefile', line 9)
LIBS := ./MLX42/build/libmlx42.a -Iinclude -lglfw -L"/Users/yel-hadr/.brew/opt/glfw/lib/" -framework Cocoa -framework OpenGL -framework IOKit -lm
# automatic
^F = $(notdir $^)
# makefile (from `Makefile', line 11)
DEPS = ./inc/common.h ./inc/parser.h ./inc/renderer.h
# default
SUFFIXES := 
# default
.INCLUDE_DIRS = /usr/local/include
# environment
MAKELEVEL := 0
# environment
CLICOLOR = 1
# environment
LANG = C
# environment
TERM = xterm-256color
# environment
VSCODE_PID = 3646
# variable set hash-table stats:
# Load=84/1024=8%, Rehash=0, Collisions=4/122=3%

# Pattern-specific Variable Values

# No pattern-specific variable values.

# Directories

# . (device 16777225, inode 7221920): 14 files, no impossibilities.
# src/rendering (device 16777225, inode 7222074): 5 files, no impossibilities so far.
# src (device 16777225, inode 7222069): 3 files, no impossibilities so far.
# inc (device 16777225, inode 7222013): No files, no impossibilities so far.
# src/parsing (device 16777225, inode 7222071): 5 files, no impossibilities so far.

# 27 files, no impossibilities in 5 directories.

# Implicit Rules

src/%.o: src/%.c ./inc/common.h ./inc/parser.h ./inc/renderer.h
#  commands to execute (from `Makefile', line 31):
	$(CC) $(CFLAGS) $< -c -o $@ $(HEADERS)
	

src/parsing/%.o: src/parsing/%.c ./inc/common.h ./inc/parser.h ./inc/renderer.h
#  commands to execute (from `Makefile', line 34):
	$(CC) $(CFLAGS) $< -c -o $@
	

src/rendering/%.o: src/rendering/%.c ./inc/common.h ./inc/parser.h ./inc/renderer.h
#  commands to execute (from `Makefile', line 37):
	@$(CC) $(CFLAGS) $< -c -o $@
	

# 3 implicit rules, 0 (0.0%) terminal.

# Files

# Not a target:
src/parsing/parser.c:
#  Implicit rule search has been done.
#  Last modified 2023-11-12 00:17:41
#  File has been updated.
#  Successfully updated.
# variable set hash-table stats:
# Load=0/32=0%, Rehash=0, Collisions=0/0=0%

all: libft/libft.a inc/common.h inc/parser.h inc/renderer.h cub3D
#  Phony target (prerequisite of .PHONY).
#  Command-line target.
#  Implicit rule search has not been done.
#  File does not exist.
#  File has been updated.
#  Successfully updated.
# variable set hash-table stats:
# Load=0/32=0%, Rehash=0, Collisions=0/0=0%

# Not a target:
src/rendering/renderer_utils.c:
#  Implicit rule search has been done.
#  Last modified 2023-11-09 10:10:00
#  File has been updated.
#  Successfully updated.
# variable set hash-table stats:
# Load=0/32=0%, Rehash=0, Collisions=0/0=0%

src/rendering/renderer.o: src/rendering/renderer.c inc/common.h inc/parser.h inc/renderer.h
#  Implicit rule search has been done.
#  Implicit/static pattern stem: `rendering/renderer'
#  Last modified 2023-11-17 23:07:51
#  File has been updated.
#  Successfully updated.
# variable set hash-table stats:
# Load=0/32=0%, Rehash=0, Collisions=0/0=0%
#  commands to execute (from `Makefile', line 31):
	$(CC) $(CFLAGS) $< -c -o $@ $(HEADERS)
	

.PHONY: all clean fclean re
#  Implicit rule search has not been done.
#  Modification time never checked.
#  File has not been updated.

src/main.o: src/main.c inc/common.h inc/parser.h inc/renderer.h
#  Implicit rule search has been done.
#  Implicit/static pattern stem: `main'
#  Last modified 2023-11-12 03:00:42
#  File has been updated.
#  Successfully updated.
# variable set hash-table stats:
# Load=0/32=0%, Rehash=0, Collisions=0/0=0%
#  commands to execute (from `Makefile', line 31):
	$(CC) $(CFLAGS) $< -c -o $@ $(HEADERS)
	

cub3D: src/main.o src/parsing/parser.o src/parsing/parser_utils.o src/rendering/renderer.o src/rendering/renderer_utils.o inc/common.h inc/parser.h inc/renderer.h
#  Implicit rule search has not been done.
#  Last modified 2023-11-17 23:07:51
#  File has been updated.
#  Successfully updated.
# variable set hash-table stats:
# Load=0/32=0%, Rehash=0, Collisions=0/0=0%
#  commands to execute (from `Makefile', line 28):
	$(CC) $(CFLAGS) $(SOURCES) $(LIBFT) $(LIBS) $(HEADERS) -o $@
	

# Not a target:
.SUFFIXES:
#  Implicit rule search has not been done.
#  Modification time never checked.
#  File has not been updated.

# Not a target:
Makefile:
#  Implicit rule search has been done.
#  Last modified 2023-11-12 00:20:35
 
#  File has been updated.
#  Successfully updated.
# variable set hash-table stats:
# Load=0/32=0%, Rehash=0, Collisions=0/0=0%

src/parsing/parser_utils.o: src/parsing/parser_utils.c inc/common.h inc/parser.h inc/renderer.h
#  Implicit rule search has been done.
#  Implicit/static pattern stem: `parsing/parser_utils'
#  Last modified 2023-11-12 03:00:42
#  File has been updated.
#  Successfully updated.
# variable set hash-table stats:
# Load=0/32=0%, Rehash=0, Collisions=0/0=0%
#  commands to execute (from `Makefile', line 31):
	$(CC) $(CFLAGS) $< -c -o $@ $(HEADERS)
	

# Not a target:
inc/renderer.h:
#  Implicit rule search has been done.
#  Last modified 2023-10-29 04:47:32
#  File has been updated.
#  Successfully updated.
# variable set hash-table stats:
# Load=0/32=0%, Rehash=0, Collisions=0/0=0%

libft/libft.a:
#  Implicit rule search has not been done.
#  Last modified 2023-11-12 03:00:41
#  File has been updated.
#  Successfully updated.
#  commands to execute (from `Makefile', line 25):
	@$(MAKE) -C $(LIBFT_DIR)
	

# Not a target:
src/rendering/renderer.c:
#  Implicit rule search has been done.
#  Last modified 2023-11-17 23:07:38
#  File has been updated.
#  Successfully updated.
# variable set hash-table stats:
# Load=0/32=0%, Rehash=0, Collisions=0/0=0%

fclean: clean
#  Phony target (prerequisite of .PHONY).
#  Implicit rule search has not been done.
#  File does not exist.
#  File has not been updated.
#  commands to execute (from `Makefile', line 44):
	@$(MAKE) fclean -C $(LIBFT_DIR)
	@rm -rf $(NAME)
	

# Not a target:
src/main.c:
#  Implicit rule search has been done.
#  Last modified 2023-10-26 03:38:25
#  File has been updated.
#  Successfully updated.
# variable set hash-table stats:
# Load=0/32=0%, Rehash=0, Collisions=0/0=0%

libmlx:
#  Implicit rule search has not been done.
#  Modification time never checked.
#  File has not been updated.
#  commands to execute (from `Makefile', line 22):
	@cmake $(LIBMLX) -B $(LIBMLX)/build && make -C $(LIBMLX)/build -j4
	

# Not a target:
.DEFAULT:
#  Implicit rule search has not been done.
#  Modification time never checked.
#  File has not been updated.

re: fclean all
#  Phony target (prerequisite of .PHONY).
#  Implicit rule search has not been done.
#  File does not exist.
#  File has not been updated.

clean:
#  Phony target (prerequisite of .PHONY).
#  Implicit rule search has not been done.
#  File does not exist.
#  File has not been updated.
#  commands to execute (from `Makefile', line 40):
	@$(MAKE) clean -C $(LIBFT_DIR)
	@rm -rf	$(SOURCES)
	

# Not a target:
src/parsing/parser_utils.c:
#  Implicit rule search has been done.
#  Last modified 2023-11-09 10:10:00
#  File has been updated.
#  Successfully updated.
# variable set hash-table stats:
# Load=0/32=0%, Rehash=0, Collisions=0/0=0%

src/parsing/parser.o: src/parsing/parser.c inc/common.h inc/parser.h inc/renderer.h
#  Implicit rule search has been done.
#  Implicit/static pattern stem: `parsing/parser'
#  Last modified 2023-11-12 03:00:42
#  File has been updated.
#  Successfully updated.
# variable set hash-table stats:
# Load=0/32=0%, Rehash=0, Collisions=0/0=0%
#  commands to execute (from `Makefile', line 31):
	$(CC) $(CFLAGS) $< -c -o $@ $(HEADERS)
	

src/rendering/renderer_utils.o: src/rendering/renderer_utils.c inc/common.h inc/parser.h inc/renderer.h
#  Implicit rule search has been done.
#  Implicit/static pattern stem: `rendering/renderer_utils'
#  Last modified 2023-11-12 03:00:42
#  File has been updated.
#  Successfully updated.
# variable set hash-table stats:
# Load=0/32=0%, Rehash=0, Collisions=0/0=0%
#  commands to execute (from `Makefile', line 31):
	$(CC) $(CFLAGS) $< -c -o $@ $(HEADERS)
	

# Not a target:
inc/common.h:
#  Implicit rule search has been done.
#  Last modified 2023-11-12 00:24:13
#  File has been updated.
#  Successfully updated.
# variable set hash-table stats:
# Load=0/32=0%, Rehash=0, Collisions=0/0=0%

# Not a target:
inc/parser.h:
#  Implicit rule search has been done.
#  Last modified 2023-11-09 10:10:00
#  File has been updated.
#  Successfully updated.
# variable set hash-table stats:
# Load=0/32=0%, Rehash=0, Collisions=0/0=0%

# files hash-table stats:
# Load=24/1024=2%, Rehash=0, Collisions=0/102=0%
# VPATH Search Paths

# No `vpath' search paths.

# No general (`VPATH' variable) search path.

# # of strings in strcache: 1
# # of strcache buffers: 1
# strcache size: total = 4096 / max = 4096 / min = 4096 / avg = 4096
# strcache free: total = 4087 / max = 4087 / min = 4087 / avg = 4087

# Finished Make data base on Thu Nov 23 17:37:34 2023

 
